{"/Users/choiincheol/9zoda/src/controller/user.controller.js": {"path":"/Users/choiincheol/9zoda/src/controller/user.controller.js","statementMap":{"0":{"start":{"line":3,"column":4},"end":{"line":3,"column":37}},"1":{"start":{"line":7,"column":11},"end":{"line":20,"column":3}},"2":{"start":{"line":8,"column":4},"end":{"line":19,"column":5}},"3":{"start":{"line":9,"column":57},"end":{"line":9,"column":65}},"4":{"start":{"line":10,"column":21},"end":{"line":15,"column":7}},"5":{"start":{"line":16,"column":6},"end":{"line":16,"column":50}},"6":{"start":{"line":18,"column":6},"end":{"line":18,"column":53}},"7":{"start":{"line":23,"column":11},"end":{"line":31,"column":3}},"8":{"start":{"line":24,"column":32},"end":{"line":24,"column":40}},"9":{"start":{"line":25,"column":19},"end":{"line":25,"column":66}},"10":{"start":{"line":27,"column":4},"end":{"line":27,"column":64}},"11":{"start":{"line":28,"column":4},"end":{"line":28,"column":52}},"12":{"start":{"line":30,"column":4},"end":{"line":30,"column":55}},"13":{"start":{"line":34,"column":12},"end":{"line":46,"column":3}},"14":{"start":{"line":35,"column":4},"end":{"line":45,"column":5}},"15":{"start":{"line":39,"column":6},"end":{"line":39,"column":39}},"16":{"start":{"line":40,"column":6},"end":{"line":40,"column":38}},"17":{"start":{"line":42,"column":6},"end":{"line":42,"column":58}},"18":{"start":{"line":44,"column":6},"end":{"line":44,"column":53}}},"fnMap":{"0":{"name":"(anonymous_0)","decl":{"start":{"line":2,"column":2},"end":{"line":2,"column":3}},"loc":{"start":{"line":2,"column":28},"end":{"line":4,"column":3}},"line":2},"1":{"name":"(anonymous_1)","decl":{"start":{"line":7,"column":11},"end":{"line":7,"column":12}},"loc":{"start":{"line":7,"column":37},"end":{"line":20,"column":3}},"line":7},"2":{"name":"(anonymous_2)","decl":{"start":{"line":23,"column":11},"end":{"line":23,"column":12}},"loc":{"start":{"line":23,"column":37},"end":{"line":31,"column":3}},"line":23},"3":{"name":"(anonymous_3)","decl":{"start":{"line":34,"column":12},"end":{"line":34,"column":13}},"loc":{"start":{"line":34,"column":38},"end":{"line":46,"column":3}},"line":34}},"branchMap":{},"s":{"0":5,"1":5,"2":2,"3":2,"4":2,"5":1,"6":1,"7":5,"8":1,"9":1,"10":1,"11":1,"12":1,"13":5,"14":2,"15":2,"16":1,"17":1,"18":1},"f":{"0":5,"1":2,"2":1,"3":2},"b":{},"_coverageSchema":"1a1c01bbd47fc00a2c39e90264f33305004495a9","hash":"ba8adabc5c18d714a7c38668df168a3f8c6c23b2"}
,"/Users/choiincheol/9zoda/src/repository/user.repository.js": {"path":"/Users/choiincheol/9zoda/src/repository/user.repository.js","statementMap":{"0":{"start":{"line":5,"column":4},"end":{"line":5,"column":25}},"1":{"start":{"line":9,"column":11},"end":{"line":15,"column":3}},"2":{"start":{"line":10,"column":17},"end":{"line":12,"column":6}},"3":{"start":{"line":14,"column":4},"end":{"line":14,"column":16}},"4":{"start":{"line":19,"column":19},"end":{"line":19,"column":69}},"5":{"start":{"line":20,"column":4},"end":{"line":20,"column":18}},"6":{"start":{"line":22,"column":19},"end":{"line":27,"column":3}},"7":{"start":{"line":23,"column":17},"end":{"line":25,"column":6}},"8":{"start":{"line":26,"column":4},"end":{"line":26,"column":16}},"9":{"start":{"line":30,"column":12},"end":{"line":39,"column":3}},"10":{"start":{"line":31,"column":4},"end":{"line":38,"column":5}},"11":{"start":{"line":32,"column":6},"end":{"line":34,"column":9}},"12":{"start":{"line":35,"column":6},"end":{"line":35,"column":36}},"13":{"start":{"line":37,"column":6},"end":{"line":37,"column":35}}},"fnMap":{"0":{"name":"(anonymous_0)","decl":{"start":{"line":4,"column":2},"end":{"line":4,"column":3}},"loc":{"start":{"line":4,"column":22},"end":{"line":6,"column":3}},"line":4},"1":{"name":"(anonymous_1)","decl":{"start":{"line":9,"column":11},"end":{"line":9,"column":12}},"loc":{"start":{"line":9,"column":50},"end":{"line":15,"column":3}},"line":9},"2":{"name":"(anonymous_2)","decl":{"start":{"line":18,"column":2},"end":{"line":18,"column":3}},"loc":{"start":{"line":18,"column":32},"end":{"line":21,"column":3}},"line":18},"3":{"name":"(anonymous_3)","decl":{"start":{"line":22,"column":19},"end":{"line":22,"column":20}},"loc":{"start":{"line":22,"column":36},"end":{"line":27,"column":3}},"line":22},"4":{"name":"(anonymous_4)","decl":{"start":{"line":30,"column":12},"end":{"line":30,"column":13}},"loc":{"start":{"line":30,"column":30},"end":{"line":39,"column":3}},"line":30}},"branchMap":{},"s":{"0":5,"1":5,"2":1,"3":1,"4":0,"5":0,"6":5,"7":2,"8":2,"9":5,"10":2,"11":2,"12":1,"13":1},"f":{"0":5,"1":1,"2":0,"3":2,"4":2},"b":{},"_coverageSchema":"1a1c01bbd47fc00a2c39e90264f33305004495a9","hash":"ae3aca05d29f6bfd27cd90002a47406fccd2448a"}
,"/Users/choiincheol/9zoda/src/service/user.service.js": {"path":"/Users/choiincheol/9zoda/src/service/user.service.js","statementMap":{"0":{"start":{"line":5,"column":0},"end":{"line":5,"column":16}},"1":{"start":{"line":8,"column":4},"end":{"line":8,"column":43}},"2":{"start":{"line":12,"column":11},"end":{"line":48,"column":3}},"3":{"start":{"line":13,"column":4},"end":{"line":47,"column":5}},"4":{"start":{"line":14,"column":26},"end":{"line":14,"column":74}},"5":{"start":{"line":15,"column":6},"end":{"line":20,"column":7}},"6":{"start":{"line":16,"column":8},"end":{"line":19,"column":10}},"7":{"start":{"line":21,"column":6},"end":{"line":26,"column":7}},"8":{"start":{"line":22,"column":8},"end":{"line":25,"column":10}},"9":{"start":{"line":27,"column":6},"end":{"line":32,"column":7}},"10":{"start":{"line":28,"column":8},"end":{"line":31,"column":10}},"11":{"start":{"line":34,"column":29},"end":{"line":34,"column":60}},"12":{"start":{"line":35,"column":19},"end":{"line":39,"column":7}},"13":{"start":{"line":41,"column":6},"end":{"line":44,"column":8}},"14":{"start":{"line":46,"column":6},"end":{"line":46,"column":35}},"15":{"start":{"line":51,"column":11},"end":{"line":65,"column":3}},"16":{"start":{"line":52,"column":17},"end":{"line":52,"column":65}},"17":{"start":{"line":54,"column":24},"end":{"line":58,"column":5}},"18":{"start":{"line":59,"column":25},"end":{"line":63,"column":5}},"19":{"start":{"line":64,"column":4},"end":{"line":64,"column":41}},"20":{"start":{"line":68,"column":12},"end":{"line":75,"column":3}},"21":{"start":{"line":69,"column":4},"end":{"line":74,"column":5}},"22":{"start":{"line":70,"column":6},"end":{"line":70,"column":60}},"23":{"start":{"line":71,"column":6},"end":{"line":71,"column":36}},"24":{"start":{"line":73,"column":6},"end":{"line":73,"column":35}}},"fnMap":{"0":{"name":"(anonymous_0)","decl":{"start":{"line":7,"column":2},"end":{"line":7,"column":3}},"loc":{"start":{"line":7,"column":31},"end":{"line":9,"column":3}},"line":7},"1":{"name":"(anonymous_1)","decl":{"start":{"line":12,"column":11},"end":{"line":12,"column":12}},"loc":{"start":{"line":12,"column":61},"end":{"line":48,"column":3}},"line":12},"2":{"name":"(anonymous_2)","decl":{"start":{"line":51,"column":11},"end":{"line":51,"column":12}},"loc":{"start":{"line":51,"column":38},"end":{"line":65,"column":3}},"line":51},"3":{"name":"(anonymous_3)","decl":{"start":{"line":68,"column":12},"end":{"line":68,"column":13}},"loc":{"start":{"line":68,"column":30},"end":{"line":75,"column":3}},"line":68}},"branchMap":{"0":{"loc":{"start":{"line":15,"column":6},"end":{"line":20,"column":7}},"type":"if","locations":[{"start":{"line":15,"column":6},"end":{"line":20,"column":7}},{"start":{},"end":{}}],"line":15},"1":{"loc":{"start":{"line":21,"column":6},"end":{"line":26,"column":7}},"type":"if","locations":[{"start":{"line":21,"column":6},"end":{"line":26,"column":7}},{"start":{},"end":{}}],"line":21},"2":{"loc":{"start":{"line":27,"column":6},"end":{"line":32,"column":7}},"type":"if","locations":[{"start":{"line":27,"column":6},"end":{"line":32,"column":7}},{"start":{},"end":{}}],"line":27}},"s":{"0":1,"1":6,"2":6,"3":3,"4":3,"5":3,"6":1,"7":2,"8":1,"9":1,"10":1,"11":0,"12":0,"13":0,"14":0,"15":6,"16":0,"17":0,"18":0,"19":0,"20":6,"21":1,"22":1,"23":1,"24":0},"f":{"0":6,"1":3,"2":0,"3":1},"b":{"0":[1,2],"1":[1,1],"2":[1,0]},"_coverageSchema":"1a1c01bbd47fc00a2c39e90264f33305004495a9","hash":"0e57f183c4212b7887bd1770d2c1a30ab0fbf2d2"}
}
