TN:
SF:src/controller/user.controller.js
FN:2,(anonymous_0)
FN:7,(anonymous_1)
FN:23,(anonymous_2)
FN:35,(anonymous_3)
FNF:4
FNH:4
FNDA:5,(anonymous_0)
FNDA:2,(anonymous_1)
FNDA:1,(anonymous_2)
FNDA:2,(anonymous_3)
DA:3,5
DA:7,5
DA:8,2
DA:9,2
DA:10,2
DA:16,1
DA:18,1
DA:23,5
DA:24,1
DA:25,1
DA:26,1
DA:28,1
DA:29,1
DA:31,1
DA:35,5
DA:36,2
DA:40,2
DA:41,1
DA:43,1
DA:45,1
LF:20
LH:20
BRF:0
BRH:0
end_of_record
TN:
SF:src/repository/user.repository.js
FN:4,(anonymous_0)
FN:9,(anonymous_1)
FN:18,(anonymous_2)
FN:22,(anonymous_3)
FN:30,(anonymous_4)
FNF:5
FNH:4
FNDA:5,(anonymous_0)
FNDA:1,(anonymous_1)
FNDA:0,(anonymous_2)
FNDA:2,(anonymous_3)
FNDA:2,(anonymous_4)
DA:5,5
DA:9,5
DA:10,1
DA:14,1
DA:18,5
DA:19,0
DA:20,0
DA:22,5
DA:23,2
DA:26,2
DA:30,5
DA:31,2
DA:32,2
DA:35,1
DA:37,1
LF:15
LH:13
BRF:0
BRH:0
end_of_record
TN:
SF:src/service/user.service.js
FN:7,(anonymous_0)
FN:12,(anonymous_1)
FN:51,(anonymous_2)
FN:79,(anonymous_3)
FNF:4
FNH:4
FNDA:9,(anonymous_0)
FNDA:3,(anonymous_1)
FNDA:1,(anonymous_2)
FNDA:2,(anonymous_3)
DA:5,1
DA:8,9
DA:12,9
DA:13,3
DA:14,3
DA:15,3
DA:16,1
DA:21,2
DA:22,1
DA:27,1
DA:28,1
DA:34,0
DA:35,0
DA:41,0
DA:46,0
DA:51,9
DA:52,1
DA:55,1
DA:56,1
DA:59,0
DA:60,0
DA:62,0
DA:65,0
DA:70,0
DA:75,0
DA:79,9
DA:80,2
DA:81,2
DA:82,1
DA:84,1
LF:30
LH:20
BRDA:15,0,0,1
BRDA:15,0,1,2
BRDA:21,1,0,1
BRDA:21,1,1,1
BRDA:27,2,0,1
BRDA:27,2,1,0
BRDA:55,3,0,1
BRDA:55,3,1,0
BRDA:60,4,0,0
BRDA:60,4,1,0
BRF:10
BRH:6
end_of_record
