TN:
SF:src/controller/user.controller.js
FN:2,(anonymous_0)
FN:7,(anonymous_1)
FN:23,(anonymous_2)
FN:34,(anonymous_3)
FNF:4
FNH:4
FNDA:5,(anonymous_0)
FNDA:2,(anonymous_1)
FNDA:1,(anonymous_2)
FNDA:2,(anonymous_3)
DA:3,5
DA:7,5
DA:8,2
DA:9,2
DA:10,2
DA:16,1
DA:18,1
DA:23,5
DA:24,1
DA:25,1
DA:27,1
DA:28,1
DA:30,1
DA:34,5
DA:35,2
DA:39,2
DA:40,1
DA:42,1
DA:44,1
LF:19
LH:19
BRF:0
BRH:0
end_of_record
TN:
SF:src/repository/user.repository.js
FN:4,(anonymous_0)
FN:9,(anonymous_1)
FN:18,(anonymous_2)
FN:22,(anonymous_3)
FN:30,(anonymous_4)
FNF:5
FNH:4
FNDA:5,(anonymous_0)
FNDA:1,(anonymous_1)
FNDA:0,(anonymous_2)
FNDA:2,(anonymous_3)
FNDA:2,(anonymous_4)
DA:5,5
DA:9,5
DA:10,1
DA:14,1
DA:19,0
DA:20,0
DA:22,5
DA:23,2
DA:26,2
DA:30,5
DA:31,2
DA:32,2
DA:35,1
DA:37,1
LF:14
LH:12
BRF:0
BRH:0
end_of_record
TN:
SF:src/service/user.service.js
FN:7,(anonymous_0)
FN:12,(anonymous_1)
FN:51,(anonymous_2)
FN:68,(anonymous_3)
FNF:4
FNH:3
FNDA:6,(anonymous_0)
FNDA:3,(anonymous_1)
FNDA:0,(anonymous_2)
FNDA:1,(anonymous_3)
DA:5,1
DA:8,6
DA:12,6
DA:13,3
DA:14,3
DA:15,3
DA:16,1
DA:21,2
DA:22,1
DA:27,1
DA:28,1
DA:34,0
DA:35,0
DA:41,0
DA:46,0
DA:51,6
DA:52,0
DA:54,0
DA:59,0
DA:64,0
DA:68,6
DA:69,1
DA:70,1
DA:71,1
DA:73,0
LF:25
LH:16
BRDA:15,0,0,1
BRDA:15,0,1,2
BRDA:21,1,0,1
BRDA:21,1,1,1
BRDA:27,2,0,1
BRDA:27,2,1,0
BRF:6
BRH:5
end_of_record
